<?xml version="1.0" encoding="UTF-8"?>
<!-- Generated by org.testng.reporters.JUnitXMLReporter -->
<testsuite ignored="0" hostname="VR" failures="1" tests="3" name="ErrorValidation" time="15.804" errors="0" timestamp="2026-06-06T17:42:35 IST">
  <testcase classname="AUTO1.Tests.ErrorValidationTest" name="LoginErrorValidation" time="1.334">
    <skipped/>
  </testcase> <!-- LoginErrorValidation -->
  <testcase classname="AUTO1.Tests.ErrorValidationTest" name="LoginErrorValidation" time="0.444">
    <failure type="java.lang.AssertionError" message="expected [Incorrects email or password.] but found []">
      <![CDATA[java.lang.AssertionError: expected [Incorrects email or password.] but found []
at AUTO1.Tests.ErrorValidationTest.LoginErrorValidation(ErrorValidationTest.java:31)
at java.base/java.util.ArrayList.forEach(ArrayList.java:1596)
at java.base/java.util.concurrent.FutureTask.run(FutureTask.java:317)
at java.base/java.util.concurrent.ThreadPoolExecutor.runWorker(ThreadPoolExecutor.java:1144)
at java.base/java.util.concurrent.ThreadPoolExecutor$Worker.run(ThreadPoolExecutor.java:642)
at java.base/java.lang.Thread.run(Thread.java:1583)
... Removed 21 stack frames]]>
    </failure>
  </testcase> <!-- LoginErrorValidation -->
  <testcase classname="AUTO1.Tests.ErrorValidationTest" name="ProductErrorValidation" time="4.042"/>
</testsuite> <!-- ErrorValidation -->
