<?xml version="1.0" encoding="UTF-8"?>
<!-- Generated by org.testng.reporters.JUnitXMLReporter -->
<testsuite ignored="1" hostname="VR" failures="0" tests="2" name="Purchase" time="15.382" errors="0" timestamp="2026-06-05T17:25:40 IST">
  <testcase classname="AUTO1.Tests.SubmitOrderTest" name="submitOrder" time="4.665"/>
  <testcase classname="AUTO1.Tests.SubmitOrderTest" name="submitOrder" time="4.679"/>
  <testcase classname="AUTO1.Tests.SubmitOrderTest" name="VerifyOrdersPage" time="0.0">
    <ignored/>
  </testcase> <!-- VerifyOrdersPage -->
</testsuite> <!-- Purchase -->
