<?xml version="1.0" encoding="UTF-8"?>
<!-- Generated by org.testng.reporters.JUnitXMLReporter -->
<testsuite ignored="1" hostname="VR" failures="0" tests="2" name="Purchase" time="27.047" errors="0" timestamp="2026-06-08T16:03:20 IST">
  <testcase classname="AUTO1.Tests.SubmitOrderTest" name="submitOrder" time="5.772"/>
  <testcase classname="AUTO1.Tests.SubmitOrderTest" name="submitOrder" time="7.728"/>
  <testcase classname="AUTO1.Tests.SubmitOrderTest" name="VerifyOrdersPage" time="0.0">
    <ignored/>
  </testcase> <!-- VerifyOrdersPage -->
</testsuite> <!-- Purchase -->
